{"/Users/ibrahim/Desktop/projects/asdasd1234/chat-service/src/api/health/health.controller.ts": {"path":"/Users/ibrahim/Desktop/projects/asdasd1234/chat-service/src/api/health/health.controller.ts","statementMap":{"0":{"start":{"line":1,"column":0},"end":{"line":1,"column":47}},"1":{"start":{"line":2,"column":0},"end":{"line":2,"column":49}},"2":{"start":{"line":3,"column":0},"end":{"line":3,"column":49}},"3":{"start":{"line":4,"column":0},"end":{"line":4,"column":42}},"4":{"start":{"line":8,"column":7},"end":{"line":28,"column":null}},"5":{"start":{"line":9,"column":31},"end":{"line":9,"column":46}},"6":{"start":{"line":14,"column":4},"end":{"line":14,"column":44}},"7":{"start":{"line":20,"column":4},"end":{"line":20,"column":42}},"8":{"start":{"line":26,"column":4},"end":{"line":26,"column":41}},"9":{"start":{"line":11,"column":2},"end":{"line":15,"column":null}},"10":{"start":{"line":17,"column":2},"end":{"line":21,"column":null}},"11":{"start":{"line":23,"column":2},"end":{"line":27,"column":null}},"12":{"start":{"line":8,"column":13},"end":{"line":28,"column":null}},"13":{"start":{"line":8,"column":13},"end":{"line":8,"column":29}}},"fnMap":{"0":{"name":"(anonymous_2)","decl":{"start":{"line":9,"column":2},"end":{"line":9,"column":31}},"loc":{"start":{"line":9,"column":59},"end":{"line":9,"column":63}}},"1":{"name":"(anonymous_3)","decl":{"start":{"line":13,"column":2},"end":{"line":13,"column":8}},"loc":{"start":{"line":13,"column":8},"end":{"line":15,"column":3}}},"2":{"name":"(anonymous_4)","decl":{"start":{"line":19,"column":2},"end":{"line":19,"column":11}},"loc":{"start":{"line":19,"column":11},"end":{"line":21,"column":3}}},"3":{"name":"(anonymous_5)","decl":{"start":{"line":25,"column":2},"end":{"line":25,"column":10}},"loc":{"start":{"line":25,"column":10},"end":{"line":27,"column":3}}}},"branchMap":{},"s":{"0":1,"1":1,"2":1,"3":1,"4":1,"5":1,"6":1,"7":1,"8":1,"9":1,"10":1,"11":1,"12":1,"13":1},"f":{"0":1,"1":1,"2":1,"3":1},"b":{}}
,"/Users/ibrahim/Desktop/projects/asdasd1234/chat-service/src/api/health/health.module.ts": {"path":"/Users/ibrahim/Desktop/projects/asdasd1234/chat-service/src/api/health/health.module.ts","statementMap":{"0":{"start":{"line":1,"column":0},"end":{"line":1,"column":40}},"1":{"start":{"line":2,"column":0},"end":{"line":2,"column":50}},"2":{"start":{"line":3,"column":0},"end":{"line":3,"column":49}},"3":{"start":{"line":4,"column":0},"end":{"line":4,"column":55}},"4":{"start":{"line":11,"column":15},"end":{"line":11,"column":null}},"5":{"start":{"line":11,"column":21},"end":{"line":11,"column":null}},"6":{"start":{"line":11,"column":21},"end":{"line":11,"column":36}}},"fnMap":{},"branchMap":{},"s":{"0":1,"1":1,"2":1,"3":1,"4":1,"5":1,"6":1},"f":{},"b":{}}
,"/Users/ibrahim/Desktop/projects/asdasd1234/chat-service/src/api/health/health.service.ts": {"path":"/Users/ibrahim/Desktop/projects/asdasd1234/chat-service/src/api/health/health.service.ts","statementMap":{"0":{"start":{"line":1,"column":0},"end":{"line":1,"column":44}},"1":{"start":{"line":2,"column":0},"end":{"line":2,"column":54}},"2":{"start":{"line":5,"column":7},"end":{"line":23,"column":null}},"3":{"start":{"line":8,"column":31},"end":{"line":8,"column":39}},"4":{"start":{"line":9,"column":4},"end":{"line":9,"column":35}},"5":{"start":{"line":9,"column":30},"end":{"line":9,"column":34}},"6":{"start":{"line":13,"column":4},"end":{"line":13,"column":61}},"7":{"start":{"line":17,"column":4},"end":{"line":17,"column":33}},"8":{"start":{"line":21,"column":4},"end":{"line":21,"column":33}},"9":{"start":{"line":5,"column":13},"end":{"line":23,"column":null}},"10":{"start":{"line":5,"column":13},"end":{"line":5,"column":26}}},"fnMap":{"0":{"name":"(anonymous_2)","decl":{"start":{"line":8,"column":2},"end":{"line":8,"column":31}},"loc":{"start":{"line":8,"column":57},"end":{"line":10,"column":3}}},"1":{"name":"(anonymous_3)","decl":{"start":{"line":9,"column":24},"end":{"line":9,"column":27}},"loc":{"start":{"line":9,"column":30},"end":{"line":9,"column":34}}},"2":{"name":"(anonymous_4)","decl":{"start":{"line":12,"column":9},"end":{"line":12,"column":20}},"loc":{"start":{"line":12,"column":20},"end":{"line":14,"column":3}}},"3":{"name":"(anonymous_5)","decl":{"start":{"line":16,"column":9},"end":{"line":16,"column":17}},"loc":{"start":{"line":16,"column":17},"end":{"line":18,"column":3}}},"4":{"name":"(anonymous_6)","decl":{"start":{"line":20,"column":9},"end":{"line":20,"column":18}},"loc":{"start":{"line":20,"column":18},"end":{"line":22,"column":3}}}},"branchMap":{},"s":{"0":1,"1":1,"2":1,"3":1,"4":1,"5":1,"6":1,"7":1,"8":1,"9":1,"10":1},"f":{"0":1,"1":1,"2":1,"3":1,"4":1},"b":{}}
,"/Users/ibrahim/Desktop/projects/asdasd1234/chat-service/src/api/message/message.controller.ts": {"path":"/Users/ibrahim/Desktop/projects/asdasd1234/chat-service/src/api/message/message.controller.ts","statementMap":{"0":{"start":{"line":1,"column":0},"end":{"line":1,"column":null}},"1":{"start":{"line":11,"column":0},"end":{"line":11,"column":51}},"2":{"start":{"line":12,"column":0},"end":{"line":12,"column":56}},"3":{"start":{"line":13,"column":0},"end":{"line":13,"column":null}},"4":{"start":{"line":21,"column":7},"end":{"line":50,"column":null}},"5":{"start":{"line":22,"column":31},"end":{"line":22,"column":47}},"6":{"start":{"line":30,"column":4},"end":{"line":30,"column":59}},"7":{"start":{"line":39,"column":4},"end":{"line":39,"column":59}},"8":{"start":{"line":48,"column":4},"end":{"line":48,"column":75}},"9":{"start":{"line":27,"column":15},"end":{"line":31,"column":null}},"10":{"start":{"line":36,"column":15},"end":{"line":40,"column":null}},"11":{"start":{"line":45,"column":15},"end":{"line":49,"column":null}},"12":{"start":{"line":21,"column":13},"end":{"line":50,"column":null}},"13":{"start":{"line":21,"column":13},"end":{"line":21,"column":30}}},"fnMap":{"0":{"name":"(anonymous_4)","decl":{"start":{"line":22,"column":2},"end":{"line":22,"column":31}},"loc":{"start":{"line":22,"column":61},"end":{"line":22,"column":65}}},"1":{"name":"(anonymous_5)","decl":{"start":{"line":27,"column":9},"end":{"line":27,"column":14}},"loc":{"start":{"line":28,"column":43},"end":{"line":31,"column":3}}},"2":{"name":"(anonymous_6)","decl":{"start":{"line":36,"column":9},"end":{"line":36,"column":14}},"loc":{"start":{"line":37,"column":42},"end":{"line":40,"column":3}}},"3":{"name":"(anonymous_7)","decl":{"start":{"line":45,"column":9},"end":{"line":45,"column":14}},"loc":{"start":{"line":46,"column":58},"end":{"line":49,"column":3}}}},"branchMap":{},"s":{"0":1,"1":1,"2":1,"3":1,"4":1,"5":1,"6":1,"7":1,"8":1,"9":1,"10":1,"11":1,"12":1,"13":1},"f":{"0":1,"1":1,"2":1,"3":1},"b":{}}
,"/Users/ibrahim/Desktop/projects/asdasd1234/chat-service/src/api/message/message.module.ts": {"path":"/Users/ibrahim/Desktop/projects/asdasd1234/chat-service/src/api/message/message.module.ts","statementMap":{"0":{"start":{"line":1,"column":0},"end":{"line":1,"column":40}},"1":{"start":{"line":2,"column":0},"end":{"line":2,"column":50}},"2":{"start":{"line":3,"column":0},"end":{"line":3,"column":43}},"3":{"start":{"line":4,"column":0},"end":{"line":4,"column":51}},"4":{"start":{"line":5,"column":0},"end":{"line":5,"column":57}},"5":{"start":{"line":6,"column":0},"end":{"line":6,"column":54}},"6":{"start":{"line":7,"column":0},"end":{"line":7,"column":64}},"7":{"start":{"line":14,"column":15},"end":{"line":14,"column":null}},"8":{"start":{"line":14,"column":21},"end":{"line":14,"column":null}},"9":{"start":{"line":14,"column":21},"end":{"line":14,"column":37}}},"fnMap":{},"branchMap":{},"s":{"0":1,"1":1,"2":1,"3":1,"4":1,"5":1,"6":1,"7":1,"8":1,"9":1},"f":{},"b":{}}
,"/Users/ibrahim/Desktop/projects/asdasd1234/chat-service/src/api/message/message.service.ts": {"path":"/Users/ibrahim/Desktop/projects/asdasd1234/chat-service/src/api/message/message.service.ts","statementMap":{"0":{"start":{"line":1,"column":0},"end":{"line":1,"column":52}},"1":{"start":{"line":2,"column":0},"end":{"line":2,"column":83}},"2":{"start":{"line":10,"column":27},"end":{"line":31,"column":null}},"3":{"start":{"line":12,"column":12},"end":{"line":12,"column":31}},"4":{"start":{"line":15,"column":19},"end":{"line":15,"column":60}},"5":{"start":{"line":18,"column":4},"end":{"line":18,"column":74}},"6":{"start":{"line":22,"column":4},"end":{"line":22,"column":66}},"7":{"start":{"line":26,"column":4},"end":{"line":29,"column":6}},"8":{"start":{"line":10,"column":13},"end":{"line":31,"column":null}},"9":{"start":{"line":10,"column":13},"end":{"line":10,"column":27}}},"fnMap":{"0":{"name":"(anonymous_2)","decl":{"start":{"line":11,"column":2},"end":{"line":11,"column":null}},"loc":{"start":{"line":12,"column":48},"end":{"line":13,"column":6}}},"1":{"name":"(anonymous_3)","decl":{"start":{"line":17,"column":2},"end":{"line":17,"column":7}},"loc":{"start":{"line":17,"column":50},"end":{"line":19,"column":3}}},"2":{"name":"(anonymous_4)","decl":{"start":{"line":21,"column":2},"end":{"line":21,"column":7}},"loc":{"start":{"line":21,"column":50},"end":{"line":23,"column":3}}},"3":{"name":"(anonymous_5)","decl":{"start":{"line":25,"column":2},"end":{"line":25,"column":7}},"loc":{"start":{"line":25,"column":74},"end":{"line":30,"column":3}}}},"branchMap":{},"s":{"0":1,"1":1,"2":1,"3":1,"4":1,"5":1,"6":1,"7":1,"8":1,"9":1},"f":{"0":1,"1":1,"2":1,"3":1},"b":{}}
,"/Users/ibrahim/Desktop/projects/asdasd1234/chat-service/src/dataAccess/repositories/index.ts": {"path":"/Users/ibrahim/Desktop/projects/asdasd1234/chat-service/src/dataAccess/repositories/index.ts","statementMap":{"0":{"start":{"line":1,"column":0},"end":{"line":1,"column":37}}},"fnMap":{},"branchMap":{},"s":{"0":1},"f":{},"b":{}}
,"/Users/ibrahim/Desktop/projects/asdasd1234/chat-service/src/dataAccess/repositories/message.repository.ts": {"path":"/Users/ibrahim/Desktop/projects/asdasd1234/chat-service/src/dataAccess/repositories/message.repository.ts","statementMap":{"0":{"start":{"line":1,"column":0},"end":{"line":1,"column":44}},"1":{"start":{"line":2,"column":0},"end":{"line":2,"column":47}},"2":{"start":{"line":3,"column":0},"end":{"line":3,"column":33}},"3":{"start":{"line":4,"column":0},"end":{"line":4,"column":54}},"4":{"start":{"line":7,"column":7},"end":{"line":27,"column":null}},"5":{"start":{"line":10,"column":21},"end":{"line":10,"column":35}},"6":{"start":{"line":14,"column":4},"end":{"line":14,"column":48}},"7":{"start":{"line":18,"column":4},"end":{"line":18,"column":50}},"8":{"start":{"line":22,"column":4},"end":{"line":25,"column":6}},"9":{"start":{"line":7,"column":13},"end":{"line":27,"column":null}},"10":{"start":{"line":7,"column":13},"end":{"line":7,"column":30}}},"fnMap":{"0":{"name":"(anonymous_4)","decl":{"start":{"line":8,"column":2},"end":{"line":8,"column":null}},"loc":{"start":{"line":10,"column":57},"end":{"line":11,"column":6}}},"1":{"name":"(anonymous_5)","decl":{"start":{"line":13,"column":2},"end":{"line":13,"column":20}},"loc":{"start":{"line":13,"column":29},"end":{"line":15,"column":3}}},"2":{"name":"(anonymous_6)","decl":{"start":{"line":17,"column":2},"end":{"line":17,"column":17}},"loc":{"start":{"line":17,"column":30},"end":{"line":19,"column":3}}},"3":{"name":"(anonymous_7)","decl":{"start":{"line":21,"column":2},"end":{"line":21,"column":23}},"loc":{"start":{"line":21,"column":49},"end":{"line":26,"column":3}}}},"branchMap":{},"s":{"0":1,"1":1,"2":1,"3":1,"4":1,"5":1,"6":1,"7":1,"8":1,"9":1,"10":1},"f":{"0":1,"1":1,"2":1,"3":1},"b":{}}
,"/Users/ibrahim/Desktop/projects/asdasd1234/chat-service/src/dataAccess/schemas/index.ts": {"path":"/Users/ibrahim/Desktop/projects/asdasd1234/chat-service/src/dataAccess/schemas/index.ts","statementMap":{"0":{"start":{"line":1,"column":0},"end":{"line":1,"column":33}}},"fnMap":{},"branchMap":{},"s":{"0":1},"f":{},"b":{}}
,"/Users/ibrahim/Desktop/projects/asdasd1234/chat-service/src/dataAccess/schemas/message.schema.ts": {"path":"/Users/ibrahim/Desktop/projects/asdasd1234/chat-service/src/dataAccess/schemas/message.schema.ts","statementMap":{"0":{"start":{"line":1,"column":0},"end":{"line":1,"column":63}},"1":{"start":{"line":3,"column":0},"end":{"line":3,"column":37}},"2":{"start":{"line":4,"column":0},"end":{"line":4,"column":54}},"3":{"start":{"line":12,"column":7},"end":{"line":33,"column":null}},"4":{"start":{"line":13,"column":2},"end":{"line":14,"column":null}},"5":{"start":{"line":16,"column":2},"end":{"line":21,"column":null}},"6":{"start":{"line":23,"column":2},"end":{"line":24,"column":null}},"7":{"start":{"line":26,"column":2},"end":{"line":27,"column":null}},"8":{"start":{"line":29,"column":2},"end":{"line":32,"column":null}},"9":{"start":{"line":12,"column":13},"end":{"line":33,"column":null}},"10":{"start":{"line":12,"column":13},"end":{"line":12,"column":20}},"11":{"start":{"line":36,"column":13},"end":{"line":36,"column":67}},"12":{"start":{"line":37,"column":13},"end":{"line":40,"column":2}}},"fnMap":{},"branchMap":{},"s":{"0":1,"1":1,"2":1,"3":1,"4":1,"5":1,"6":1,"7":1,"8":1,"9":1,"10":1,"11":1,"12":1},"f":{},"b":{}}
}
