TN:
SF:src/api/health/health.controller.ts
FN:9,(anonymous_2)
FN:13,(anonymous_3)
FN:19,(anonymous_4)
FN:25,(anonymous_5)
FNF:4
FNH:4
FNDA:1,(anonymous_2)
FNDA:1,(anonymous_3)
FNDA:1,(anonymous_4)
FNDA:1,(anonymous_5)
DA:1,1
DA:2,1
DA:3,1
DA:4,1
DA:8,1
DA:9,1
DA:11,1
DA:14,1
DA:17,1
DA:20,1
DA:23,1
DA:26,1
LF:12
LH:12
BRF:0
BRH:0
end_of_record
TN:
SF:src/api/health/health.module.ts
FNF:0
FNH:0
DA:1,1
DA:2,1
DA:3,1
DA:4,1
DA:11,1
LF:5
LH:5
BRF:0
BRH:0
end_of_record
TN:
SF:src/api/health/health.service.ts
FN:8,(anonymous_2)
FN:9,(anonymous_3)
FN:12,(anonymous_4)
FN:16,(anonymous_5)
FN:20,(anonymous_6)
FNF:5
FNH:5
FNDA:1,(anonymous_2)
FNDA:1,(anonymous_3)
FNDA:1,(anonymous_4)
FNDA:1,(anonymous_5)
FNDA:1,(anonymous_6)
DA:1,1
DA:2,1
DA:5,1
DA:8,1
DA:9,1
DA:13,1
DA:17,1
DA:21,1
LF:8
LH:8
BRF:0
BRH:0
end_of_record
TN:
SF:src/api/message/message.controller.ts
FN:22,(anonymous_4)
FN:27,(anonymous_5)
FN:36,(anonymous_6)
FN:45,(anonymous_7)
FNF:4
FNH:4
FNDA:1,(anonymous_4)
FNDA:1,(anonymous_5)
FNDA:1,(anonymous_6)
FNDA:1,(anonymous_7)
DA:1,1
DA:11,1
DA:12,1
DA:13,1
DA:21,1
DA:22,1
DA:27,1
DA:30,1
DA:36,1
DA:39,1
DA:45,1
DA:48,1
LF:12
LH:12
BRF:0
BRH:0
end_of_record
TN:
SF:src/api/message/message.module.ts
FNF:0
FNH:0
DA:1,1
DA:2,1
DA:3,1
DA:4,1
DA:5,1
DA:6,1
DA:7,1
DA:14,1
LF:8
LH:8
BRF:0
BRH:0
end_of_record
TN:
SF:src/api/message/message.service.ts
FN:11,(anonymous_2)
FN:17,(anonymous_3)
FN:21,(anonymous_4)
FN:25,(anonymous_5)
FNF:4
FNH:4
FNDA:1,(anonymous_2)
FNDA:1,(anonymous_3)
FNDA:1,(anonymous_4)
FNDA:1,(anonymous_5)
DA:1,1
DA:2,1
DA:10,1
DA:12,1
DA:15,1
DA:18,1
DA:22,1
DA:26,1
LF:8
LH:8
BRF:0
BRH:0
end_of_record
TN:
SF:src/dataAccess/repositories/index.ts
FNF:0
FNH:0
DA:1,1
LF:1
LH:1
BRF:0
BRH:0
end_of_record
TN:
SF:src/dataAccess/repositories/message.repository.ts
FN:8,(anonymous_4)
FN:13,(anonymous_5)
FN:17,(anonymous_6)
FN:21,(anonymous_7)
FNF:4
FNH:4
FNDA:1,(anonymous_4)
FNDA:1,(anonymous_5)
FNDA:1,(anonymous_6)
FNDA:1,(anonymous_7)
DA:1,1
DA:2,1
DA:3,1
DA:4,1
DA:7,1
DA:10,1
DA:14,1
DA:18,1
DA:22,1
LF:9
LH:9
BRF:0
BRH:0
end_of_record
TN:
SF:src/dataAccess/schemas/index.ts
FNF:0
FNH:0
DA:1,1
LF:1
LH:1
BRF:0
BRH:0
end_of_record
TN:
SF:src/dataAccess/schemas/message.schema.ts
FNF:0
FNH:0
DA:1,1
DA:3,1
DA:4,1
DA:12,1
DA:13,1
DA:16,1
DA:23,1
DA:26,1
DA:29,1
DA:36,1
DA:37,1
LF:11
LH:11
BRF:0
BRH:0
end_of_record
